# JRE version: Java(TM) SE Runtime Environment (8.0_211-b12) (build 1.8.0_211-b12)
# Java VM: Java HotSpot(TM) 64-Bit Server VM (25.211-b12 mixed mode windows-amd64 compressed oops)
Heap:
 PSYoungGen      total 136704K, used 41929K [0x00000000f5580000, 0x0000000100000000, 0x0000000100000000)
  eden space 98816K, 31% used [0x00000000f5580000,0x00000000f73af578,0x00000000fb600000)
  from space 37888K, 29% used [0x00000000fb600000,0x00000000fc0c3160,0x00000000fdb00000)
  to   space 37376K, 0% used [0x00000000fdb80000,0x00000000fdb80000,0x0000000100000000)
 ParOldGen       total 175104K, used 75242K [0x00000000e0000000, 0x00000000eab00000, 0x00000000f5580000)
  object space 175104K, 42% used [0x00000000e0000000,0x00000000e497a818,0x00000000eab00000)
 Metaspace       used 78673K, capacity 80978K, committed 81176K, reserved 1120256K
  class space    used 10131K, capacity 10690K, committed 10792K, reserved 1048576K
GC Heap History (10 events):
Event: 73.630 GC heap before
{Heap before GC invocations=30 (full 3):
 PSYoungGen      total 147968K, used 140865K [0x00000000f5580000, 0x0000000100000000, 0x0000000100000000)
  eden space 123392K, 100% used [0x00000000f5580000,0x00000000fce00000,0x00000000fce00000)
  from space 24576K, 71% used [0x00000000fe800000,0x00000000ff910748,0x0000000100000000)
  to   space 25600K, 0% used [0x00000000fce00000,0x00000000fce00000,0x00000000fe700000)
 ParOldGen       total 175104K, used 45505K [0x00000000e0000000, 0x00000000eab00000, 0x00000000f5580000)
  object space 175104K, 25% used [0x00000000e0000000,0x00000000e2c70630,0x00000000eab00000)
 Metaspace       used 74622K, capacity 76844K, committed 77080K, reserved 1116160K
  class space    used 9688K, capacity 10253K, committed 10280K, reserved 1048576K
Event: 73.644 GC heap after
Heap after GC invocations=30 (full 3):
 PSYoungGen      total 148992K, used 25599K [0x00000000f5580000, 0x0000000100000000, 0x0000000100000000)
  eden space 123392K, 0% used [0x00000000f5580000,0x00000000f5580000,0x00000000fce00000)
  from space 25600K, 99% used [0x00000000fce00000,0x00000000fe6ffc60,0x00000000fe700000)
  to   space 25600K, 0% used [0x00000000fe700000,0x00000000fe700000,0x0000000100000000)
 ParOldGen       total 175104K, used 60839K [0x00000000e0000000, 0x00000000eab00000, 0x00000000f5580000)
  object space 175104K, 34% used [0x00000000e0000000,0x00000000e3b69e00,0x00000000eab00000)
 Metaspace       used 74622K, capacity 76844K, committed 77080K, reserved 1116160K
  class space    used 9688K, capacity 10253K, committed 10280K, reserved 1048576K
}
Event: 73.926 GC heap before
{Heap before GC invocations=31 (full 3):
 PSYoungGen      total 148992K, used 148991K [0x00000000f5580000, 0x0000000100000000, 0x0000000100000000)
  eden space 123392K, 100% used [0x00000000f5580000,0x00000000fce00000,0x00000000fce00000)
  from space 25600K, 99% used [0x00000000fce00000,0x00000000fe6ffc60,0x00000000fe700000)
  to   space 25600K, 0% used [0x00000000fe700000,0x00000000fe700000,0x0000000100000000)
 ParOldGen       total 175104K, used 60839K [0x00000000e0000000, 0x00000000eab00000, 0x00000000f5580000)
  object space 175104K, 34% used [0x00000000e0000000,0x00000000e3b69e00,0x00000000eab00000)
 Metaspace       used 75095K, capacity 77378K, committed 77720K, reserved 1116160K
  class space    used 9769K, capacity 10326K, committed 10408K, reserved 1048576K
Event: 73.940 GC heap after
Heap after GC invocations=31 (full 3):
 PSYoungGen      total 125440K, used 25592K [0x00000000f5580000, 0x0000000100000000, 0x0000000100000000)
  eden space 99840K, 0% used [0x00000000f5580000,0x00000000f5580000,0x00000000fb700000)
  from space 25600K, 99% used [0x00000000fe700000,0x00000000ffffe1a8,0x0000000100000000)
  to   space 37376K, 0% used [0x00000000fb700000,0x00000000fb700000,0x00000000fdb80000)
 ParOldGen       total 175104K, used 63380K [0x00000000e0000000, 0x00000000eab00000, 0x00000000f5580000)
  object space 175104K, 36% used [0x00000000e0000000,0x00000000e3de5268,0x00000000eab00000)
 Metaspace       used 75095K, capacity 77378K, committed 77720K, reserved 1116160K
  class space    used 9769K, capacity 10326K, committed 10408K, reserved 1048576K
}
Event: 76.541 GC heap before
{Heap before GC invocations=32 (full 3):
 PSYoungGen      total 125440K, used 125432K [0x00000000f5580000, 0x0000000100000000, 0x0000000100000000)
  eden space 99840K, 100% used [0x00000000f5580000,0x00000000fb700000,0x00000000fb700000)
  from space 25600K, 99% used [0x00000000fe700000,0x00000000ffffe1a8,0x0000000100000000)
  to   space 37376K, 0% used [0x00000000fb700000,0x00000000fb700000,0x00000000fdb80000)
 ParOldGen       total 175104K, used 63380K [0x00000000e0000000, 0x00000000eab00000, 0x00000000f5580000)
  object space 175104K, 36% used [0x00000000e0000000,0x00000000e3de5268,0x00000000eab00000)
 Metaspace       used 75433K, capacity 77596K, committed 77720K, reserved 1116160K
  class space    used 9780K, capacity 10327K, committed 10408K, reserved 1048576K
Event: 76.552 GC heap after
Heap after GC invocations=32 (full 3):
 PSYoungGen      total 137216K, used 18476K [0x00000000f5580000, 0x0000000100000000, 0x0000000100000000)
  eden space 99840K, 0% used [0x00000000f5580000,0x00000000f5580000,0x00000000fb700000)
  from space 37376K, 49% used [0x00000000fb700000,0x00000000fc90b110,0x00000000fdb80000)
  to   space 36352K, 0% used [0x00000000fdc80000,0x00000000fdc80000,0x0000000100000000)
 ParOldGen       total 175104K, used 64418K [0x00000000e0000000, 0x00000000eab00000, 0x00000000f5580000)
  object space 175104K, 36% used [0x00000000e0000000,0x00000000e3ee8a58,0x00000000eab00000)
 Metaspace       used 75433K, capacity 77596K, committed 77720K, reserved 1116160K
  class space    used 9780K, capacity 10327K, committed 10408K, reserved 1048576K
}
Event: 77.600 GC heap before
{Heap before GC invocations=33 (full 3):
 PSYoungGen      total 137216K, used 118316K [0x00000000f5580000, 0x0000000100000000, 0x0000000100000000)
  eden space 99840K, 100% used [0x00000000f5580000,0x00000000fb700000,0x00000000fb700000)
  from space 37376K, 49% used [0x00000000fb700000,0x00000000fc90b110,0x00000000fdb80000)
  to   space 36352K, 0% used [0x00000000fdc80000,0x00000000fdc80000,0x0000000100000000)
 ParOldGen       total 175104K, used 64418K [0x00000000e0000000, 0x00000000eab00000, 0x00000000f5580000)
  object space 175104K, 36% used [0x00000000e0000000,0x00000000e3ee8a58,0x00000000eab00000)
 Metaspace       used 76835K, capacity 79030K, committed 79384K, reserved 1118208K
  class space    used 9932K, capacity 10476K, committed 10536K, reserved 1048576K
Event: 77.615 GC heap after
Heap after GC invocations=33 (full 3):
 PSYoungGen      total 135168K, used 27104K [0x00000000f5580000, 0x0000000100000000, 0x0000000100000000)
  eden space 98816K, 0% used [0x00000000f5580000,0x00000000f5580000,0x00000000fb600000)
  from space 36352K, 74% used [0x00000000fdc80000,0x00000000ff6f82d0,0x0000000100000000)
  to   space 37888K, 0% used [0x00000000fb600000,0x00000000fb600000,0x00000000fdb00000)
 ParOldGen       total 175104K, used 64994K [0x00000000e0000000, 0x00000000eab00000, 0x00000000f5580000)
  object space 175104K, 37% used [0x00000000e0000000,0x00000000e3f78a78,0x00000000eab00000)
 Metaspace       used 76835K, capacity 79030K, committed 79384K, reserved 1118208K
  class space    used 9932K, capacity 10476K, committed 10536K, reserved 1048576K
}
Event: 82.129 GC heap before
{Heap before GC invocations=34 (full 3):
 PSYoungGen      total 135168K, used 125920K [0x00000000f5580000, 0x0000000100000000, 0x0000000100000000)
  eden space 98816K, 100% used [0x00000000f5580000,0x00000000fb600000,0x00000000fb600000)
  from space 36352K, 74% used [0x00000000fdc80000,0x00000000ff6f82d0,0x0000000100000000)
  to   space 37888K, 0% used [0x00000000fb600000,0x00000000fb600000,0x00000000fdb00000)
 ParOldGen       total 175104K, used 64994K [0x00000000e0000000, 0x00000000eab00000, 0x00000000f5580000)
  object space 175104K, 37% used [0x00000000e0000000,0x00000000e3f78a78,0x00000000eab00000)
 Metaspace       used 78662K, capacity 80978K, committed 81176K, reserved 1120256K
  class space    used 10131K, capacity 10690K, committed 10792K, reserved 1048576K
Event: 82.143 GC heap after
Heap after GC invocations=34 (full 3):
 PSYoungGen      total 136704K, used 11020K [0x00000000f5580000, 0x0000000100000000, 0x0000000100000000)
  eden space 98816K, 0% used [0x00000000f5580000,0x00000000f5580000,0x00000000fb600000)
  from space 37888K, 29% used [0x00000000fb600000,0x00000000fc0c3160,0x00000000fdb00000)
  to   space 37376K, 0% used [0x00000000fdb80000,0x00000000fdb80000,0x0000000100000000)
 ParOldGen       total 175104K, used 75242K [0x00000000e0000000, 0x00000000eab00000, 0x00000000f5580000)
  object space 175104K, 42% used [0x00000000e0000000,0x00000000e497a818,0x00000000eab00000)
 Metaspace       used 78662K, capacity 80978K, committed 81176K, reserved 1120256K
  class space    used 10131K, capacity 10690K, committed 10792K, reserved 1048576K
}

